{
  "RSpec": {
    "coverage": {
      "/Users/chrisrussell/makers/bank_tech_test/spec/account_spec.rb": [
        1,
        null,
        1,
        null,
        1,
        null,
        1,
        null,
        1,
        null,
        1,
        1,
        1,
        null,
        null,
        1,
        null,
        1,
        null,
        1,
        null,
        1,
        1,
        1,
        null,
        null,
        1,
        null,
        1,
        null,
        1,
        1,
        null,
        1,
        null,
        null,
        1,
        null,
        1,
        null,
        1,
        null,
        1,
        1,
        null,
        null,
        null
      ],
      "/Users/chrisrussell/makers/bank_tech_test/lib/account.rb": [
        1,
        null,
        1,
        4,
        4,
        4,
        null,
        null,
        1,
        3,
        3,
        null,
        null,
        3,
        null,
        3,
        null,
        null,
        1,
        2,
        2,
        null,
        null,
        2,
        null,
        2,
        null,
        null,
        1,
        7,
        null,
        null,
        1,
        1,
        null,
        null,
        1,
        null,
        1,
        1,
        1,
        null,
        null,
        null,
        null,
        null
      ],
      "/Users/chrisrussell/makers/bank_tech_test/spec/features/features_spec.rb": [

      ]
    },
    "timestamp": 1531841982
  }
}
